0 info it worked if it ends with ok
1 verbose cli [ '/usr/bin/nodejs', '/usr/bin/npm', 'publish' ]
2 info using npm@3.10.10
3 info using node@v6.9.5
4 verbose publish [ '.' ]
5 silly cache add args [ '.', null ]
6 verbose cache add spec .
7 silly cache add parsed spec Result {
7 silly cache add   raw: '.',
7 silly cache add   scope: null,
7 silly cache add   escapedName: null,
7 silly cache add   name: null,
7 silly cache add   rawSpec: '.',
7 silly cache add   spec: '/home/hellsinglord/Desktop/code_touch/npm-packages/machinepack-rules',
7 silly cache add   type: 'directory' }
8 verbose addLocalDirectory /home/hellsinglord/.npm/hot-shot-rules/1.0.0/package.tgz not in flight; packing
9 verbose correctMkdir /home/hellsinglord/.npm correctMkdir not in flight; initializing
10 info lifecycle hot-shot-rules@1.0.0~prepublish: hot-shot-rules@1.0.0
11 silly lifecycle hot-shot-rules@1.0.0~prepublish: no script for prepublish, continuing
12 verbose tar pack [ '/home/hellsinglord/.npm/hot-shot-rules/1.0.0/package.tgz',
12 verbose tar pack   '/home/hellsinglord/Desktop/code_touch/npm-packages/machinepack-rules' ]
13 verbose tarball /home/hellsinglord/.npm/hot-shot-rules/1.0.0/package.tgz
14 verbose folder /home/hellsinglord/Desktop/code_touch/npm-packages/machinepack-rules
15 verbose addLocalTarball adding from inside cache /home/hellsinglord/.npm/hot-shot-rules/1.0.0/package.tgz
16 verbose correctMkdir /home/hellsinglord/.npm correctMkdir not in flight; initializing
17 silly cache afterAdd hot-shot-rules@1.0.0
18 verbose afterAdd /home/hellsinglord/.npm/hot-shot-rules/1.0.0/package/package.json not in flight; writing
19 verbose correctMkdir /home/hellsinglord/.npm correctMkdir not in flight; initializing
20 verbose afterAdd /home/hellsinglord/.npm/hot-shot-rules/1.0.0/package/package.json written
21 silly publish { name: 'hot-shot-rules',
21 silly publish   version: '1.0.0',
21 silly publish   description: '',
21 silly publish   main: 'index.js',
21 silly publish   scripts: { test: 'mocha index.test.js -w' },
21 silly publish   keywords: [ 'machinepack', 'rules' ],
21 silly publish   author: { name: 'Hesham Adel' },
21 silly publish   license: 'MIT',
21 silly publish   dependencies: { chai: '^3.5.0', lodash: '^4.17.4', mocha: '^3.2.0' },
21 silly publish   gitHead: 'b904d148710df6154a59698b82f06f7bee186d43',
21 silly publish   readme: 'ERROR: No README data found!',
21 silly publish   _id: 'hot-shot-rules@1.0.0',
21 silly publish   _shasum: '728443da6fc7b60fa9bc58a8dc3056a7b3e2eb26',
21 silly publish   _from: '.' }
22 verbose getPublishConfig undefined
23 silly mapToRegistry name hot-shot-rules
24 silly mapToRegistry using default registry
25 silly mapToRegistry registry https://registry.npmjs.org/
26 silly mapToRegistry data Result {
26 silly mapToRegistry   raw: 'hot-shot-rules',
26 silly mapToRegistry   scope: null,
26 silly mapToRegistry   escapedName: 'hot-shot-rules',
26 silly mapToRegistry   name: 'hot-shot-rules',
26 silly mapToRegistry   rawSpec: '',
26 silly mapToRegistry   spec: 'latest',
26 silly mapToRegistry   type: 'tag' }
27 silly mapToRegistry uri https://registry.npmjs.org/hot-shot-rules
28 verbose publish registryBase https://registry.npmjs.org/
29 silly publish uploading /home/hellsinglord/.npm/hot-shot-rules/1.0.0/package.tgz
30 verbose request uri https://registry.npmjs.org/hot-shot-rules
31 verbose request sending authorization for write operation
32 info attempt registry request try #1 at 10:27:34 PM
33 verbose request using bearer token for auth
34 verbose request id 292fc97247d7e7b8
35 http request PUT https://registry.npmjs.org/hot-shot-rules
36 http 403 https://registry.npmjs.org/hot-shot-rules
37 verbose headers { 'content-type': 'application/json',
37 verbose headers   'cache-control': 'max-age=300',
37 verbose headers   'content-length': '95',
37 verbose headers   'accept-ranges': 'bytes',
37 verbose headers   date: 'Sun, 12 Mar 2017 20:27:36 GMT',
37 verbose headers   via: '1.1 varnish',
37 verbose headers   connection: 'keep-alive',
37 verbose headers   'x-served-by': 'cache-lhr6321-LHR',
37 verbose headers   'x-cache': 'MISS',
37 verbose headers   'x-cache-hits': '0',
37 verbose headers   'x-timer': 'S1489350455.787152,VS0,VE821',
37 verbose headers   vary: 'Accept-Encoding' }
38 verbose request invalidating /home/hellsinglord/.npm/registry.npmjs.org/hot-shot-rules on PUT
39 error publish Failed PUT 403
40 verbose stack Error: "You cannot publish over the previously published version 1.0.0." : hot-shot-rules
40 verbose stack     at makeError (/usr/lib/node_modules/npm/node_modules/npm-registry-client/lib/request.js:302:12)
40 verbose stack     at CachingRegistryClient.<anonymous> (/usr/lib/node_modules/npm/node_modules/npm-registry-client/lib/request.js:290:14)
40 verbose stack     at Request._callback (/usr/lib/node_modules/npm/node_modules/npm-registry-client/lib/request.js:210:14)
40 verbose stack     at Request.self.callback (/usr/lib/node_modules/npm/node_modules/request/request.js:187:22)
40 verbose stack     at emitTwo (events.js:106:13)
40 verbose stack     at Request.emit (events.js:191:7)
40 verbose stack     at Request.<anonymous> (/usr/lib/node_modules/npm/node_modules/request/request.js:1048:10)
40 verbose stack     at emitOne (events.js:96:13)
40 verbose stack     at Request.emit (events.js:188:7)
40 verbose stack     at IncomingMessage.<anonymous> (/usr/lib/node_modules/npm/node_modules/request/request.js:969:12)
41 verbose statusCode 403
42 verbose pkgid hot-shot-rules
43 verbose cwd /home/hellsinglord/Desktop/code_touch/npm-packages/machinepack-rules
44 error Linux 4.4.0-66-generic
45 error argv "/usr/bin/nodejs" "/usr/bin/npm" "publish"
46 error node v6.9.5
47 error npm  v3.10.10
48 error code E403
49 error "You cannot publish over the previously published version 1.0.0." : hot-shot-rules
50 error If you need help, you may report this error at:
50 error     <https://github.com/npm/npm/issues>
51 verbose exit [ 1, true ]
